<html>
<head>
<title>TestNG:  e-Banking_Test</title>
<link href="../testng.css" rel="stylesheet" type="text/css" />
<link href="../my-testng.css" rel="stylesheet" type="text/css" />

<style type="text/css">
.log { display: none;} 
.stack-trace { display: none;} 
</style>
<script type="text/javascript">
<!--
function flip(e) {
  current = e.style.display;
  if (current == 'block') {
    e.style.display = 'none';
    return 0;
  }
  else {
    e.style.display = 'block';
    return 1;
  }
}

function toggleBox(szDivId, elem, msg1, msg2)
{
  var res = -1;  if (document.getElementById) {
    res = flip(document.getElementById(szDivId));
  }
  else if (document.all) {
    // this is the way old msie versions work
    res = flip(document.all[szDivId]);
  }
  if(elem) {
    if(res == 0) elem.innerHTML = msg1; else elem.innerHTML = msg2;
  }

}

function toggleAllBoxes() {
  if (document.getElementsByTagName) {
    d = document.getElementsByTagName('div');
    for (i = 0; i < d.length; i++) {
      if (d[i].className == 'log') {
        flip(d[i]);
      }
    }
  }
}

// -->
</script>

</head>
<body>
<h2 align='center'>e-Banking_Test</h2><table border='1' align="center">
<tr>
<td>Tests passed/Failed/Skipped:</td><td>7/0/1</td>
</tr><tr>
<td>Started on:</td><td>Mon Mar 22 23:02:28 GMT+01:00 2021</td>
</tr>
<tr><td>Total time:</td><td>81 seconds (81735 ms)</td>
</tr><tr>
<td>Included groups:</td><td></td>
</tr><tr>
<td>Excluded groups:</td><td></td>
</tr>
</table><p/>
<small><i>(Hover the method name to see the test class name)</i></small><p/>
<table width='100%' border='1' class='invocation-failed'>
<tr><td colspan='4' align='center'><b>FAILED CONFIGURATIONS</b></td></tr>
<tr><td><b>Test method</b></td>
<td width="30%"><b>Exception</b></td>
<td width="10%"><b>Time (seconds)</b></td>
<td><b>Instance</b></td>
</tr>
<tr>
<td title='com.inetBanking.testcases.TC_LoginTest_DDT_001.tearDown()'><b>tearDown</b><br>Test class: com.inetBanking.testcases.TC_LoginTest_DDT_001</td>
<td><div><pre>java.lang.NullPointerException
	at com.inetBanking.utilities.BaseTest.tearDown(BaseTest.java:116)
... Removed 26 stack frames</pre></div><a href='#' onClick='toggleBox("stack-trace1195396074", this, "Click to show all stack frames", "Click to hide stack frames")'>Click to show all stack frames</a>
<div class='stack-trace' id='stack-trace1195396074'><pre>java.lang.NullPointerException
	at com.inetBanking.utilities.BaseTest.tearDown(BaseTest.java:116)
	at sun.reflect.NativeMethodAccessorImpl.invoke0(Native Method)
	at sun.reflect.NativeMethodAccessorImpl.invoke(NativeMethodAccessorImpl.java:62)
	at sun.reflect.DelegatingMethodAccessorImpl.invoke(DelegatingMethodAccessorImpl.java:43)
	at java.lang.reflect.Method.invoke(Method.java:498)
	at org.testng.internal.MethodInvocationHelper.invokeMethod(MethodInvocationHelper.java:124)
	at org.testng.internal.MethodInvocationHelper.invokeMethodConsideringTimeout(MethodInvocationHelper.java:59)
	at org.testng.internal.Invoker.invokeConfigurationMethod(Invoker.java:458)
	at org.testng.internal.Invoker.invokeConfigurations(Invoker.java:222)
	at org.testng.internal.Invoker.invokeConfigurations(Invoker.java:142)
	at org.testng.internal.TestMethodWorker.invokeAfterClassMethods(TestMethodWorker.java:214)
	at org.testng.internal.TestMethodWorker.run(TestMethodWorker.java:111)
	at org.testng.TestRunner.privateRun(TestRunner.java:648)
	at org.testng.TestRunner.run(TestRunner.java:505)
	at org.testng.SuiteRunner.runTest(SuiteRunner.java:455)
	at org.testng.SuiteRunner.runSequentially(SuiteRunner.java:450)
	at org.testng.SuiteRunner.privateRun(SuiteRunner.java:415)
	at org.testng.SuiteRunner.run(SuiteRunner.java:364)
	at org.testng.SuiteRunnerWorker.runSuite(SuiteRunnerWorker.java:52)
	at org.testng.SuiteRunnerWorker.run(SuiteRunnerWorker.java:84)
	at org.testng.TestNG.runSuitesSequentially(TestNG.java:1208)
	at org.testng.TestNG.runSuitesLocally(TestNG.java:1137)
	at org.testng.TestNG.runSuites(TestNG.java:1049)
	at org.testng.TestNG.run(TestNG.java:1017)
	at org.testng.remote.AbstractRemoteTestNG.run(AbstractRemoteTestNG.java:115)
	at org.testng.remote.RemoteTestNG.initAndRun(RemoteTestNG.java:251)
	at org.testng.remote.RemoteTestNG.main(RemoteTestNG.java:77)
</pre></div></td>
<td>0</td>
<td>com.inetBanking.testcases.TC_LoginTest_DDT_001@7ec7ffd3</td></tr>
</table><p>
<table width='100%' border='1' class='invocation-passed'>
<tr><td colspan='4' align='center'><b>PASSED TESTS</b></td></tr>
<tr><td><b>Test method</b></td>
<td width="30%"><b>Exception</b></td>
<td width="10%"><b>Time (seconds)</b></td>
<td><b>Instance</b></td>
</tr>
<tr>
<td title='com.inetBanking.testcases.TC_AddCustomerTest_003.addNewCustomer()'><b>addNewCustomer</b><br>Test class: com.inetBanking.testcases.TC_AddCustomerTest_003</td>
<td></td>
<td>10</td>
<td>com.inetBanking.testcases.TC_AddCustomerTest_003@6572421</td></tr>
<tr>
<td title='com.inetBanking.testcases.TC_DepositTest_004.deposit()'><b>deposit</b><br>Test class: com.inetBanking.testcases.TC_DepositTest_004</td>
<td></td>
<td>3</td>
<td>com.inetBanking.testcases.TC_DepositTest_004@6b81ce95</td></tr>
<tr>
<td title='com.inetBanking.testcases.TC_FundTransferTest_006.deposit()'><b>deposit</b><br>Test class: com.inetBanking.testcases.TC_FundTransferTest_006</td>
<td></td>
<td>4</td>
<td>com.inetBanking.testcases.TC_FundTransferTest_006@6d763516</td></tr>
<tr>
<td title='com.inetBanking.testcases.TC_CustomisedStatementTest_007.deposit()'><b>deposit</b><br>Test class: com.inetBanking.testcases.TC_CustomisedStatementTest_007</td>
<td></td>
<td>4</td>
<td>com.inetBanking.testcases.TC_CustomisedStatementTest_007@52bf72b5</td></tr>
<tr>
<td title='com.inetBanking.testcases.TC_HomeTest_002.goHome()'><b>goHome</b><br>Test class: com.inetBanking.testcases.TC_HomeTest_002</td>
<td></td>
<td>2</td>
<td>com.inetBanking.testcases.TC_HomeTest_002@5b239d7d</td></tr>
<tr>
<td title='com.inetBanking.testcases.TC_LoginTest_001.login()'><b>login</b><br>Test class: com.inetBanking.testcases.TC_LoginTest_001</td>
<td></td>
<td>3</td>
<td>com.inetBanking.testcases.TC_LoginTest_001@5876a9af</td></tr>
<tr>
<td title='com.inetBanking.testcases.TC_WithdrawalTest_005.withdrawal()'><b>withdrawal</b><br>Test class: com.inetBanking.testcases.TC_WithdrawalTest_005</td>
<td></td>
<td>4</td>
<td>com.inetBanking.testcases.TC_WithdrawalTest_005@2a798d51</td></tr>
</table><p>
<table width='100%' border='1' class='invocation-skipped'>
<tr><td colspan='4' align='center'><b>SKIPPED TESTS</b></td></tr>
<tr><td><b>Test method</b></td>
<td width="30%"><b>Exception</b></td>
<td width="10%"><b>Time (seconds)</b></td>
<td><b>Instance</b></td>
</tr>
<tr>
<td title='com.inetBanking.testcases.TC_LoginTest_DDT_001.loginDTT()'><b>loginDTT</b><br>Test class: com.inetBanking.testcases.TC_LoginTest_DDT_001</td>
<td><div><pre>java.lang.RuntimeException: java.lang.NegativeArraySizeException
Caused by: java.lang.NegativeArraySizeException
	at com.inetBanking.utilities.ExcelUtils.testData(ExcelUtils.java:95)
	at com.inetBanking.testcases.TC_LoginTest_DDT_001.getData(TC_LoginTest_DDT_001.java:23)
	... 22 more
... Removed 30 stack frames</pre></div><a href='#' onClick='toggleBox("stack-trace1847431070", this, "Click to show all stack frames", "Click to hide stack frames")'>Click to show all stack frames</a>
<div class='stack-trace' id='stack-trace1847431070'><pre>java.lang.RuntimeException: java.lang.NegativeArraySizeException
	at org.testng.internal.MethodInvocationHelper.invokeMethodNoCheckedException(MethodInvocationHelper.java:49)
	at org.testng.internal.MethodInvocationHelper.invokeDataProvider(MethodInvocationHelper.java:131)
	at org.testng.internal.Parameters.handleParameters(Parameters.java:706)
	at org.testng.internal.ParameterHandler.handleParameters(ParameterHandler.java:49)
	at org.testng.internal.ParameterHandler.createParameters(ParameterHandler.java:37)
	at org.testng.internal.Invoker.invokeTestMethods(Invoker.java:924)
	at org.testng.internal.TestMethodWorker.invokeTestMethods(TestMethodWorker.java:125)
	at org.testng.internal.TestMethodWorker.run(TestMethodWorker.java:109)
	at org.testng.TestRunner.privateRun(TestRunner.java:648)
	at org.testng.TestRunner.run(TestRunner.java:505)
	at org.testng.SuiteRunner.runTest(SuiteRunner.java:455)
	at org.testng.SuiteRunner.runSequentially(SuiteRunner.java:450)
	at org.testng.SuiteRunner.privateRun(SuiteRunner.java:415)
	at org.testng.SuiteRunner.run(SuiteRunner.java:364)
	at org.testng.SuiteRunnerWorker.runSuite(SuiteRunnerWorker.java:52)
	at org.testng.SuiteRunnerWorker.run(SuiteRunnerWorker.java:84)
	at org.testng.TestNG.runSuitesSequentially(TestNG.java:1208)
	at org.testng.TestNG.runSuitesLocally(TestNG.java:1137)
	at org.testng.TestNG.runSuites(TestNG.java:1049)
	at org.testng.TestNG.run(TestNG.java:1017)
	at org.testng.remote.AbstractRemoteTestNG.run(AbstractRemoteTestNG.java:115)
	at org.testng.remote.RemoteTestNG.initAndRun(RemoteTestNG.java:251)
	at org.testng.remote.RemoteTestNG.main(RemoteTestNG.java:77)
Caused by: java.lang.NegativeArraySizeException
	at com.inetBanking.utilities.ExcelUtils.testData(ExcelUtils.java:95)
	at com.inetBanking.testcases.TC_LoginTest_DDT_001.getData(TC_LoginTest_DDT_001.java:23)
	at sun.reflect.NativeMethodAccessorImpl.invoke0(Native Method)
	at sun.reflect.NativeMethodAccessorImpl.invoke(NativeMethodAccessorImpl.java:62)
	at sun.reflect.DelegatingMethodAccessorImpl.invoke(DelegatingMethodAccessorImpl.java:43)
	at java.lang.reflect.Method.invoke(Method.java:498)
	at org.testng.internal.MethodInvocationHelper.invokeMethod(MethodInvocationHelper.java:124)
	at org.testng.internal.MethodInvocationHelper.invokeMethod(MethodInvocationHelper.java:74)
	at org.testng.internal.MethodInvocationHelper.invokeMethodNoCheckedException(MethodInvocationHelper.java:45)
	... 22 more
</pre></div></td>
<td>0</td>
<td>com.inetBanking.testcases.TC_LoginTest_DDT_001@7ec7ffd3</td></tr>
</table><p>
</body>
</html>